C:\USERS\NCC LAB USER\DOCUMENTS\VISUAL STUDIO 2012\PROJECTS\2017_CAPSTONE\2017_CAPSTONE\DEBUG\VC110.PDB
C:\USERS\NCC LAB USER\DOCUMENTS\VISUAL STUDIO 2012\PROJECTS\2017_CAPSTONE\2017_CAPSTONE\DEBUG\SDLTEST.OBJ
C:\USERS\NCC LAB USER\DOCUMENTS\VISUAL STUDIO 2012\PROJECTS\2017_CAPSTONE\2017_CAPSTONE\DEBUG\MAIN.OBJ
C:\USERS\NCC LAB USER\DOCUMENTS\VISUAL STUDIO 2012\PROJECTS\2017_CAPSTONE\DEBUG\2017_CAPSTONE.ILK
C:\USERS\NCC LAB USER\DOCUMENTS\VISUAL STUDIO 2012\PROJECTS\2017_CAPSTONE\DEBUG\2017_CAPSTONE.EXE
C:\USERS\NCC LAB USER\DOCUMENTS\VISUAL STUDIO 2012\PROJECTS\2017_CAPSTONE\DEBUG\2017_CAPSTONE.PDB
c:\Users\ncc lab user\documents\visual studio 2012\Projects\2017_Capstone\2017_Capstone\Debug\main.obj
c:\Users\ncc lab user\documents\visual studio 2012\Projects\2017_Capstone\2017_Capstone\Debug\sdltest.obj
c:\Users\ncc lab user\documents\visual studio 2012\Projects\2017_Capstone\2017_Capstone\Debug\cl.command.1.tlog
c:\Users\ncc lab user\documents\visual studio 2012\Projects\2017_Capstone\2017_Capstone\Debug\CL.read.1.tlog
c:\Users\ncc lab user\documents\visual studio 2012\Projects\2017_Capstone\2017_Capstone\Debug\CL.write.1.tlog
c:\Users\ncc lab user\documents\visual studio 2012\Projects\2017_Capstone\2017_Capstone\Debug\link-cvtres.read.1.tlog
c:\Users\ncc lab user\documents\visual studio 2012\Projects\2017_Capstone\2017_Capstone\Debug\link-cvtres.write.1.tlog
c:\Users\ncc lab user\documents\visual studio 2012\Projects\2017_Capstone\2017_Capstone\Debug\link-rc.read.1.tlog
c:\Users\ncc lab user\documents\visual studio 2012\Projects\2017_Capstone\2017_Capstone\Debug\link-rc.write.1.tlog
c:\Users\ncc lab user\documents\visual studio 2012\Projects\2017_Capstone\2017_Capstone\Debug\link.command.1.tlog
c:\Users\ncc lab user\documents\visual studio 2012\Projects\2017_Capstone\2017_Capstone\Debug\link.read.1.tlog
c:\Users\ncc lab user\documents\visual studio 2012\Projects\2017_Capstone\2017_Capstone\Debug\link.write.1.tlog
c:\Users\ncc lab user\documents\visual studio 2012\Projects\2017_Capstone\2017_Capstone\Debug\vc110.idb
c:\Users\ncc lab user\documents\visual studio 2012\Projects\2017_Capstone\2017_Capstone\Debug\vc110.pdb
c:\users\ncc lab user\documents\visual studio 2012\Projects\2017_Capstone\Debug\2017_Capstone.pdb
c:\users\ncc lab user\documents\visual studio 2012\Projects\2017_Capstone\Debug\2017_Capstone.exe
c:\users\ncc lab user\documents\visual studio 2012\Projects\2017_Capstone\Debug\2017_Capstone.ilk
