Build started 1/25/2017 3:09:24 PM.
     1>Project "C:\Users\NCC Lab User\Downloads\2017_capstone\2017_Capstone\2017_Capstone\2017_Capstone.vcxproj" on node 2 (Build target(s)).
     1>ClCompile:
         C:\Program Files (x86)\Microsoft Visual Studio 11.0\VC\bin\CL.exe /c /I"C:\Users\NCC Lab User\Downloads\2017_capstone\2017_Capstone\sdl2\SDL2_ttf-devel-2.0.14-VC\SDL2_ttf-2.0.14\include" /I"C:\Users\NCC Lab User\Downloads\2017_capstone\2017_Capstone\sdl2\SDL2-devel-2.0.5-VC\SDL2-2.0.5\include" /I"C:\Users\NCC Lab User\Downloads\2017_capstone\2017_Capstone\sdl2\SDL2_image-devel-2.0.1-VC\SDL2_image-2.0.1\include" /ZI /nologo /W3 /WX- /Od /Oy- /D _MBCS /Gm /EHsc /RTC1 /MDd /GS /fp:precise /Zc:wchar_t /Zc:forScope /Fo"Debug\\" /Fd"Debug\vc110.pdb" /Gd /TC /analyze- /errorReport:prompt ..\..\main.c
         main.c
     1>c:\users\ncc lab user\downloads\2017_capstone\main.c(272): warning C4101: 'i' : unreferenced local variable
     1>c:\users\ncc lab user\downloads\2017_capstone\main.c(492): warning C4026: function declared with formal parameter list
     1>c:\users\ncc lab user\downloads\2017_capstone\main.c(550): warning C4013: 'printf' undefined; assuming extern returning int
     1>c:\users\ncc lab user\downloads\2017_capstone\main.c(519): warning C4101: 'font_surf' : unreferenced local variable
     1>c:\users\ncc lab user\downloads\2017_capstone\main.c(506): warning C4101: 'sprt_shadow' : unreferenced local variable
     1>c:\users\ncc lab user\downloads\2017_capstone\main.c(498): warning C4101: 'cntr_a' : unreferenced local variable
     1>c:\users\ncc lab user\downloads\2017_capstone\main.c(495): warning C4101: 'k' : unreferenced local variable
     1>c:\users\ncc lab user\downloads\2017_capstone\main.c(498): warning C4101: 'cntr_c' : unreferenced local variable
     1>c:\users\ncc lab user\downloads\2017_capstone\main.c(508): warning C4101: 'pos' : unreferenced local variable
     1>c:\users\ncc lab user\downloads\2017_capstone\main.c(498): warning C4101: 'cntr_b' : unreferenced local variable
       Link:
         C:\Program Files (x86)\Microsoft Visual Studio 11.0\VC\bin\link.exe /ERRORREPORT:PROMPT /OUT:"C:\Users\NCC Lab User\Downloads\2017_capstone\2017_Capstone\Debug\2017_Capstone.exe" /INCREMENTAL /NOLOGO /LIBPATH:"C:\Users\NCC Lab User\Downloads\2017_capstone\2017_Capstone\sdl2\SDL2_ttf-devel-2.0.14-VC\SDL2_ttf-2.0.14\lib\x86" /LIBPATH:"C:\Users\NCC Lab User\Downloads\2017_capstone\2017_Capstone\sdl2\SDL2-devel-2.0.5-VC\SDL2-2.0.5\lib\x86" /LIBPATH:"C:\Users\NCC Lab User\Downloads\2017_capstone\2017_Capstone\sdl2\SDL2_image-devel-2.0.1-VC\SDL2_image-2.0.1\lib\x86" kernel32.lib user32.lib gdi32.lib SDL2_ttf.lib SDL2_image.lib SDL2.lib SDL2main.lib winspool.lib comdlg32.lib advapi32.lib shell32.lib ole32.lib oleaut32.lib uuid.lib odbc32.lib odbccp32.lib kernel32.lib user32.lib gdi32.lib winspool.lib comdlg32.lib advapi32.lib shell32.lib ole32.lib oleaut32.lib uuid.lib odbc32.lib odbccp32.lib /MANIFEST /MANIFESTUAC:"level='asInvoker' uiAccess='false'" /manifest:embed /DEBUG /PDB:"C:\Users\NCC Lab User\Downloads\2017_capstone\2017_Capstone\Debug\2017_Capstone.pdb" /SUBSYSTEM:CONSOLE /TLBID:1 /DYNAMICBASE /NXCOMPAT /IMPLIB:"C:\Users\NCC Lab User\Downloads\2017_capstone\2017_Capstone\Debug\2017_Capstone.lib" /MACHINE:X86 Debug\main.obj
         2017_Capstone.vcxproj -> C:\Users\NCC Lab User\Downloads\2017_capstone\2017_Capstone\Debug\2017_Capstone.exe
     1>Done Building Project "C:\Users\NCC Lab User\Downloads\2017_capstone\2017_Capstone\2017_Capstone\2017_Capstone.vcxproj" (Build target(s)).

Build succeeded.

Time Elapsed 00:00:00.48
